  소스.c
C:\Users\user\Desktop\Project4\Project4\소스.c(5,6): error C2143: 구문 오류: ';'이(가) '상수' 앞에 없습니다.
C:\Users\user\Desktop\Project4\Project4\소스.c(5,6): warning C4091: ' ': 변수를 선언하지 않으면 'int' 왼쪽은 무시됩니다.
C:\Users\user\Desktop\Project4\Project4\소스.c(5,11): error C2065: 'l': 선언되지 않은 식별자입니다.
C:\Users\user\Desktop\Project4\Project4\소스.c(5,16): error C2065: 'h': 선언되지 않은 식별자입니다.
C:\Users\user\Desktop\Project4\Project4\소스.c(5,25): error C2065: 'm': 선언되지 않은 식별자입니다.
C:\Users\user\Desktop\Project4\Project4\소스.c(5,31): error C2065: 'data': 선언되지 않은 식별자입니다.
C:\Users\user\Desktop\Project4\Project4\소스.c(5,36): error C2065: 'flag': 선언되지 않은 식별자입니다.
C:\Users\user\Desktop\Project4\Project4\소스.c(6,19): error C2065: 'data': 선언되지 않은 식별자입니다.
C:\Users\user\Desktop\Project4\Project4\소스.c(7,11): error C2065: 'l': 선언되지 않은 식별자입니다.
C:\Users\user\Desktop\Project4\Project4\소스.c(7,16): error C2065: 'h': 선언되지 않은 식별자입니다.
C:\Users\user\Desktop\Project4\Project4\소스.c(7,24): error C2065: 'flag': 선언되지 않은 식별자입니다.
C:\Users\user\Desktop\Project4\Project4\소스.c(8,5): error C2065: 'm': 선언되지 않은 식별자입니다.
C:\Users\user\Desktop\Project4\Project4\소스.c(8,10): error C2065: 'l': 선언되지 않은 식별자입니다.
C:\Users\user\Desktop\Project4\Project4\소스.c(8,13): error C2065: 'h': 선언되지 않은 식별자입니다.
C:\Users\user\Desktop\Project4\Project4\소스.c(9,12): error C2065: 'data': 선언되지 않은 식별자입니다.
C:\Users\user\Desktop\Project4\Project4\소스.c(9,18): error C2065: 'm': 선언되지 않은 식별자입니다.
C:\Users\user\Desktop\Project4\Project4\소스.c(10,9): error C2065: 'flag': 선언되지 않은 식별자입니다.
C:\Users\user\Desktop\Project4\Project4\소스.c(10,9): warning C4553: '==': 식의 결과가 사용되지 않습니다. '='을(를) 의도했습니까?
C:\Users\user\Desktop\Project4\Project4\소스.c(11,11): warning C4473: 'printf': 서식 문자열에 대한 인수가 충분하게 전달되지 않았습니다.
C:\Users\user\Desktop\Project4\Project4\소스.c(11,11): message : 자리 표시자 및 해당 매개 변수에는 variadic 인수가 1개 필요하지만 0개가 제공되었습니다.
C:\Users\user\Desktop\Project4\Project4\소스.c(11,11): message : 누락된 variadic 인수 1이(가) 서식 문자열 '%d'에 필요합니다.
C:\Users\user\Desktop\Project4\Project4\소스.c(13,17): error C2065: 'data': 선언되지 않은 식별자입니다.
C:\Users\user\Desktop\Project4\Project4\소스.c(13,22): error C2065: 'm': 선언되지 않은 식별자입니다.
C:\Users\user\Desktop\Project4\Project4\소스.c(14,6): error C2065: 'l': 선언되지 않은 식별자입니다.
C:\Users\user\Desktop\Project4\Project4\소스.c(14,10): error C2065: 'm': 선언되지 않은 식별자입니다.
C:\Users\user\Desktop\Project4\Project4\소스.c(17,6): error C2065: 'h': 선언되지 않은 식별자입니다.
C:\Users\user\Desktop\Project4\Project4\소스.c(17,10): error C2065: 'm': 선언되지 않은 식별자입니다.
C:\Users\user\Desktop\Project4\Project4\소스.c(6,2): error C4996: 'scanf': This function or variable may be unsafe. Consider using scanf_s instead. To disable deprecation, use _CRT_SECURE_NO_WARNINGS. See online help for details.
